<?xml version="1.0" encoding="UTF-8"?>
<coverage generated="1659506466718" clover="3.2.0">
  <project timestamp="1659506466718" name="All files">
    <metrics statements="22" coveredstatements="17" conditionals="8" coveredconditionals="1" methods="3" coveredmethods="2" elements="33" coveredelements="20" complexity="0" loc="22" ncloc="22" packages="2" files="2" classes="2"/>
    <package name="hooks">
      <metrics statements="7" coveredstatements="3" conditionals="6" coveredconditionals="0" methods="1" coveredmethods="0"/>
      <file name="usePatientFlags.tsx" path="/home/donald/projects/kenyaemr/kenyaemr-esm-core/packages/esm-patient-flags-app/src/hooks/usePatientFlags.tsx">
        <metrics statements="7" coveredstatements="3" conditionals="6" coveredconditionals="0" methods="1" coveredmethods="0"/>
        <line num="1" count="1" type="stmt"/>
        <line num="2" count="1" type="stmt"/>
        <line num="16" count="1" type="stmt"/>
        <line num="17" count="0" type="stmt"/>
        <line num="18" count="0" type="stmt"/>
        <line num="19" count="0" type="cond" truecount="0" falsecount="4"/>
        <line num="20" count="0" type="cond" truecount="0" falsecount="2"/>
      </file>
    </package>
    <package name="patient-flags">
      <metrics statements="15" coveredstatements="14" conditionals="2" coveredconditionals="1" methods="2" coveredmethods="2"/>
      <file name="patient-flags.component.tsx" path="/home/donald/projects/kenyaemr/kenyaemr-esm-core/packages/esm-patient-flags-app/src/patient-flags/patient-flags.component.tsx">
        <metrics statements="15" coveredstatements="14" conditionals="2" coveredconditionals="1" methods="2" coveredmethods="2"/>
        <line num="1" count="1" type="stmt"/>
        <line num="2" count="1" type="stmt"/>
        <line num="3" count="1" type="stmt"/>
        <line num="4" count="1" type="stmt"/>
        <line num="5" count="1" type="stmt"/>
        <line num="11" count="1" type="stmt"/>
        <line num="12" count="2" type="stmt"/>
        <line num="13" count="2" type="stmt"/>
        <line num="15" count="2" type="cond" truecount="1" falsecount="0"/>
        <line num="16" count="1" type="stmt"/>
        <line num="19" count="1" type="cond" truecount="0" falsecount="1"/>
        <line num="20" count="0" type="stmt"/>
        <line num="23" count="1" type="stmt"/>
        <line num="26" count="2" type="stmt"/>
        <line num="34" count="1" type="stmt"/>
      </file>
    </package>
  </project>
</coverage>
