{"/home/donald/projects/kenyaemr/kenyaemr-esm-core/packages/esm-patient-flags-app/src/hooks/usePatientFlags.tsx": {"path":"/home/donald/projects/kenyaemr/kenyaemr-esm-core/packages/esm-patient-flags-app/src/hooks/usePatientFlags.tsx","statementMap":{"0":{"start":{"line":1,"column":53},"end":{"line":1,"column":null}},"1":{"start":{"line":2,"column":24},"end":{"line":2,"column":null}},"2":{"start":{"line":16,"column":31},"end":{"line":21,"column":1}},"3":{"start":{"line":17,"column":26},"end":{"line":17,"column":81}},"4":{"start":{"line":18,"column":34},"end":{"line":18,"column":40}},"5":{"start":{"line":19,"column":23},"end":{"line":19,"column":77}},"6":{"start":{"line":20,"column":2},"end":{"line":20,"column":61}},"7":{"start":{"line":16,"column":13},"end":{"line":16,"column":31}}},"fnMap":{"0":{"name":"(anonymous_1)","decl":{"start":{"line":16,"column":31},"end":{"line":16,"column":32}},"loc":{"start":{"line":16,"column":80},"end":{"line":21,"column":1}}}},"branchMap":{"0":{"loc":{"start":{"line":19,"column":23},"end":{"line":19,"column":77}},"type":"cond-expr","locations":[{"start":{"line":19,"column":56},"end":{"line":19,"column":58}},{"start":{"line":19,"column":61},"end":{"line":19,"column":77}}]},"1":{"loc":{"start":{"line":19,"column":61},"end":{"line":19,"column":77}},"type":"binary-expr","locations":[{"start":{"line":19,"column":61},"end":{"line":19,"column":71}},{"start":{"line":19,"column":75},"end":{"line":19,"column":77}}]},"2":{"loc":{"start":{"line":20,"column":36},"end":{"line":20,"column":51}},"type":"binary-expr","locations":[{"start":{"line":20,"column":36},"end":{"line":20,"column":41}},{"start":{"line":20,"column":45},"end":{"line":20,"column":51}}]}},"s":{"0":1,"1":1,"2":1,"3":0,"4":0,"5":0,"6":0,"7":1},"f":{"0":0},"b":{"0":[0,0],"1":[0,0],"2":[0,0]}}
,"/home/donald/projects/kenyaemr/kenyaemr-esm-core/packages/esm-patient-flags-app/src/patient-flags/patient-flags.component.tsx": {"path":"/home/donald/projects/kenyaemr/kenyaemr-esm-core/packages/esm-patient-flags-app/src/patient-flags/patient-flags.component.tsx","statementMap":{"0":{"start":{"line":1,"column":25},"end":{"line":1,"column":null}},"1":{"start":{"line":2,"column":51},"end":{"line":2,"column":null}},"2":{"start":{"line":3,"column":60},"end":{"line":3,"column":null}},"3":{"start":{"line":4,"column":46},"end":{"line":4,"column":null}},"4":{"start":{"line":5,"column":58},"end":{"line":5,"column":null}},"5":{"start":{"line":11,"column":50},"end":{"line":32,"column":1}},"6":{"start":{"line":12,"column":16},"end":{"line":12,"column":30}},"7":{"start":{"line":13,"column":45},"end":{"line":13,"column":60}},"8":{"start":{"line":15,"column":2},"end":{"line":17,"column":null}},"9":{"start":{"line":16,"column":4},"end":{"line":16,"column":70}},"10":{"start":{"line":19,"column":2},"end":{"line":21,"column":null}},"11":{"start":{"line":20,"column":4},"end":{"line":20,"column":100}},"12":{"start":{"line":23,"column":2},"end":{"line":30,"column":null}},"13":{"start":{"line":26,"column":8},"end":{"line":27,"column":null}},"14":{"start":{"line":34,"column":15},"end":{"line":34,"column":27}}},"fnMap":{"0":{"name":"(anonymous_1)","decl":{"start":{"line":11,"column":50},"end":{"line":11,"column":51}},"loc":{"start":{"line":11,"column":71},"end":{"line":32,"column":1}}},"1":{"name":"(anonymous_2)","decl":{"start":{"line":25,"column":24},"end":{"line":25,"column":25}},"loc":{"start":{"line":26,"column":8},"end":{"line":27,"column":null}}}},"branchMap":{"0":{"loc":{"start":{"line":15,"column":2},"end":{"line":17,"column":null}},"type":"if","locations":[{"start":{"line":15,"column":2},"end":{"line":17,"column":null}}]},"1":{"loc":{"start":{"line":19,"column":2},"end":{"line":21,"column":null}},"type":"if","locations":[{"start":{"line":19,"column":2},"end":{"line":21,"column":null}}]}},"s":{"0":1,"1":1,"2":1,"3":1,"4":1,"5":1,"6":2,"7":2,"8":2,"9":1,"10":1,"11":0,"12":1,"13":2,"14":1},"f":{"0":2,"1":2},"b":{"0":[1],"1":[0]}}
}
