TN:
SF:packages/esm-patient-flags-app/src/hooks/usePatientFlags.tsx
FN:16,(anonymous_1)
FNF:1
FNH:0
FNDA:0,(anonymous_1)
DA:1,1
DA:2,1
DA:16,1
DA:17,0
DA:18,0
DA:19,0
DA:20,0
LF:7
LH:3
BRDA:19,0,0,0
BRDA:19,0,1,0
BRDA:19,1,0,0
BRDA:19,1,1,0
BRDA:20,2,0,0
BRDA:20,2,1,0
BRF:6
BRH:0
end_of_record
TN:
SF:packages/esm-patient-flags-app/src/patient-flags/patient-flags.component.tsx
FN:11,(anonymous_1)
FN:25,(anonymous_2)
FNF:2
FNH:2
FNDA:2,(anonymous_1)
FNDA:2,(anonymous_2)
DA:1,1
DA:2,1
DA:3,1
DA:4,1
DA:5,1
DA:11,1
DA:12,2
DA:13,2
DA:15,2
DA:16,1
DA:19,1
DA:20,0
DA:23,1
DA:26,2
DA:34,1
LF:15
LH:14
BRDA:15,0,0,1
BRDA:19,1,0,0
BRF:2
BRH:1
end_of_record
